build/outputs/logs/manifest-merger-debug-report.txt
-- Merging decision tree log ---
manifest
ADDED from Android_Work/BeaconPortal/AndroidManifest.xml:2:1-526:12
	package
		ADDED from Android_Work/BeaconPortal/AndroidManifest.xml:5:2-47
	android:versionName
		ADDED from Android_Work/BeaconPortal/AndroidManifest.xml:7:5-32
	android:versionCode
		ADDED from Android_Work/BeaconPortal/AndroidManifest.xml:6:5-29
		INJECTED from Android_Work/BeaconPortal/AndroidManifest.xml
		INJECTED from Android_Work/BeaconPortal/AndroidManifest.xml
	xmlns:android
		ADDED from Android_Work/BeaconPortal/AndroidManifest.xml:2:11-69
uses-permission#android.permission.BLUETOOTH
ADDED from Android_Work/BeaconPortal/AndroidManifest.xml:9:2-65
	android:name
		ADDED from Android_Work/BeaconPortal/AndroidManifest.xml:9:19-62
uses-permission#android.permission.RECEIVE_BOOT_COMPLETED
ADDED from Android_Work/BeaconPortal/AndroidManifest.xml:10:5-80
	android:name
		ADDED from Android_Work/BeaconPortal/AndroidManifest.xml:10:22-78
uses-permission#android.permission.READ_CONTACTS
ADDED from Android_Work/BeaconPortal/AndroidManifest.xml:11:5-71
	android:name
		ADDED from Android_Work/BeaconPortal/AndroidManifest.xml:11:22-69
uses-permission#android.permission.READ_SYNC_SETTINGS
ADDED from Android_Work/BeaconPortal/AndroidManifest.xml:12:5-76
	android:name
		ADDED from Android_Work/BeaconPortal/AndroidManifest.xml:12:22-74
uses-permission#android.permission.CLEAR_APP_CACHE
ADDED from Android_Work/BeaconPortal/AndroidManifest.xml:13:2-87
	android:name
		ADDED from Android_Work/BeaconPortal/AndroidManifest.xml:13:19-68
uses-permission#android.permission.WRITE_CONTACTS
ADDED from Android_Work/BeaconPortal/AndroidManifest.xml:15:5-72
	android:name
		ADDED from Android_Work/BeaconPortal/AndroidManifest.xml:15:22-70
uses-permission#android.permission.ACCESS_NETWORK_STATE
ADDED from Android_Work/BeaconPortal/AndroidManifest.xml:17:5-78
	android:name
		ADDED from Android_Work/BeaconPortal/AndroidManifest.xml:17:22-76
uses-permission#android.permission.INTERNET
ADDED from Android_Work/BeaconPortal/AndroidManifest.xml:18:5-66
	android:name
		ADDED from Android_Work/BeaconPortal/AndroidManifest.xml:18:22-64
uses-permission#android.permission.VIBRATE
ADDED from Android_Work/BeaconPortal/AndroidManifest.xml:19:5-65
	android:name
		ADDED from Android_Work/BeaconPortal/AndroidManifest.xml:19:22-63
uses-permission#android.permission.WAKE_LOCK
ADDED from Android_Work/BeaconPortal/AndroidManifest.xml:20:5-67
	android:name
		ADDED from Android_Work/BeaconPortal/AndroidManifest.xml:20:22-65
uses-permission#android.permission.WRITE_EXTERNAL_STORAGE
ADDED from Android_Work/BeaconPortal/AndroidManifest.xml:21:5-81
	android:name
		ADDED from Android_Work/BeaconPortal/AndroidManifest.xml:21:22-78
uses-permission#com.android.alarm.permission.SET_ALARM
ADDED from Android_Work/BeaconPortal/AndroidManifest.xml:22:2-74
	android:name
		ADDED from Android_Work/BeaconPortal/AndroidManifest.xml:22:19-72
uses-permission#org.thialfihar.android.apg.permission.READ_KEY_DETAILS
ADDED from Android_Work/BeaconPortal/AndroidManifest.xml:24:5-94
	android:name
		ADDED from Android_Work/BeaconPortal/AndroidManifest.xml:24:22-91
permission#com.bernard.beaconportal.activities.permission.READ_ATTACHMENT
ADDED from Android_Work/BeaconPortal/AndroidManifest.xml:26:5-30:69
	android:label
		ADDED from Android_Work/BeaconPortal/AndroidManifest.xml:29:17-62
	android:protectionLevel
		ADDED from Android_Work/BeaconPortal/AndroidManifest.xml:28:17-52
	android:permissionGroup
		ADDED from Android_Work/BeaconPortal/AndroidManifest.xml:27:17-76
	android:description
		ADDED from Android_Work/BeaconPortal/AndroidManifest.xml:30:17-67
	android:name
		ADDED from Android_Work/BeaconPortal/AndroidManifest.xml:26:17-94
uses-permission#com.bernard.beaconportal.activities.permission.READ_ATTACHMENT
ADDED from Android_Work/BeaconPortal/AndroidManifest.xml:31:5-101
	android:name
		ADDED from Android_Work/BeaconPortal/AndroidManifest.xml:31:22-99
permission#com.bernard.beaconportal.activities.permission.REMOTE_CONTROL
ADDED from Android_Work/BeaconPortal/AndroidManifest.xml:32:5-36:69
	android:label
		ADDED from Android_Work/BeaconPortal/AndroidManifest.xml:35:18-62
	android:protectionLevel
		ADDED from Android_Work/BeaconPortal/AndroidManifest.xml:34:18-53
	android:permissionGroup
		ADDED from Android_Work/BeaconPortal/AndroidManifest.xml:33:18-77
	android:description
		ADDED from Android_Work/BeaconPortal/AndroidManifest.xml:36:18-67
	android:name
		ADDED from Android_Work/BeaconPortal/AndroidManifest.xml:32:17-93
uses-permission#com.bernard.beaconportal.activities.permission.REMOTE_CONTROL
ADDED from Android_Work/BeaconPortal/AndroidManifest.xml:37:5-100
	android:name
		ADDED from Android_Work/BeaconPortal/AndroidManifest.xml:37:22-98
permission#com.bernard.beaconportal.activities.permission.READ_MESSAGES
ADDED from Android_Work/BeaconPortal/AndroidManifest.xml:38:5-42:67
	android:label
		ADDED from Android_Work/BeaconPortal/AndroidManifest.xml:41:17-60
	android:protectionLevel
		ADDED from Android_Work/BeaconPortal/AndroidManifest.xml:40:17-52
	android:permissionGroup
		ADDED from Android_Work/BeaconPortal/AndroidManifest.xml:39:17-76
	android:description
		ADDED from Android_Work/BeaconPortal/AndroidManifest.xml:42:17-65
	android:name
		ADDED from Android_Work/BeaconPortal/AndroidManifest.xml:38:17-92
uses-permission#com.bernard.beaconportal.activities.permission.READ_MESSAGES
ADDED from Android_Work/BeaconPortal/AndroidManifest.xml:43:5-99
	android:name
		ADDED from Android_Work/BeaconPortal/AndroidManifest.xml:43:22-97
permission#com.bernard.beaconportal.activities.permission.DELETE_MESSAGES
ADDED from Android_Work/BeaconPortal/AndroidManifest.xml:44:5-48:69
	android:label
		ADDED from Android_Work/BeaconPortal/AndroidManifest.xml:47:17-62
	android:protectionLevel
		ADDED from Android_Work/BeaconPortal/AndroidManifest.xml:46:17-52
	android:permissionGroup
		ADDED from Android_Work/BeaconPortal/AndroidManifest.xml:45:17-76
	android:description
		ADDED from Android_Work/BeaconPortal/AndroidManifest.xml:48:17-67
	android:name
		ADDED from Android_Work/BeaconPortal/AndroidManifest.xml:44:17-94
uses-permission#com.bernard.beaconportal.activities.permission.DELETE_MESSAGES
ADDED from Android_Work/BeaconPortal/AndroidManifest.xml:49:5-101
	android:name
		ADDED from Android_Work/BeaconPortal/AndroidManifest.xml:49:22-99
uses-feature#android.hardware.touchscreen
ADDED from Android_Work/BeaconPortal/AndroidManifest.xml:51:5-89
	android:required
		ADDED from Android_Work/BeaconPortal/AndroidManifest.xml:51:63-87
	android:name
		ADDED from Android_Work/BeaconPortal/AndroidManifest.xml:51:19-62
supports-screens
ADDED from Android_Work/BeaconPortal/AndroidManifest.xml:53:6-58:7
	android:largeScreens
		ADDED from Android_Work/BeaconPortal/AndroidManifest.xml:54:9-36
	android:smallScreens
		ADDED from Android_Work/BeaconPortal/AndroidManifest.xml:56:9-36
	android:normalScreens
		ADDED from Android_Work/BeaconPortal/AndroidManifest.xml:55:9-37
	android:anyDensity
		ADDED from Android_Work/BeaconPortal/AndroidManifest.xml:57:9-34
uses-sdk
ADDED from Android_Work/BeaconPortal/AndroidManifest.xml:60:5-62:41
MERGED from [com.android.support:multidex:1.0.1] AndroidManifest.xml:18:5-42
MERGED from [BeaconPortal.plugins.Android-PullToRefresh:library:unspecified] AndroidManifest.xml:7:5-43
MERGED from [BeaconPortal.plugins.ckChangeLog:library:unspecified] AndroidManifest.xml:7:5-9:41
MERGED from [BeaconPortal.plugins:HoloColorPicker:unspecified] AndroidManifest.xml:7:5-9:41
MERGED from [BeaconPortal.plugins:openpgp-api-library:unspecified] AndroidManifest.xml:7:5-9:41
MERGED from [com.android.support:support-v4:23.1.1] AndroidManifest.xml:20:5-43
MERGED from [com.android.support:support-v4:23.1.1] AndroidManifest.xml:20:5-43
MERGED from [com.android.support:appcompat-v7:22.2.1] AndroidManifest.xml:20:5-43
MERGED from [com.android.support:support-v4:23.1.1] AndroidManifest.xml:20:5-43
MERGED from [com.android.support:cardview-v7:23.1.1] AndroidManifest.xml:20:5-43
MERGED from [com.commonsware.cwac:merge:1.1.1] AndroidManifest.xml:7:5-43
MERGED from [com.commonsware.cwac:sacklist:1.0.2] AndroidManifest.xml:7:5-43
MERGED from [com.commonsware.cwac:sacklist:1.0.2] AndroidManifest.xml:7:5-43
MERGED from [BeaconPortal.libraries:slidingtab:unspecified] AndroidManifest.xml:5:5-7:41
MERGED from [com.android.support:support-v4:23.1.1] AndroidManifest.xml:20:5-43
MERGED from [BeaconPortal.libraries:floatingActionButtonCompatmaster:unspecified] AndroidManifest.xml:7:5-9:41
MERGED from [com.android.support:support-v4:23.1.1] AndroidManifest.xml:20:5-43
MERGED from [BeaconPortal.libraries:extendedListView:unspecified] AndroidManifest.xml:5:5-7:41
MERGED from [com.android.support:support-v4:23.1.1] AndroidManifest.xml:20:5-43
	android:targetSdkVersion
		ADDED from Android_Work/BeaconPortal/AndroidManifest.xml:62:9-38
		INJECTED from Android_Work/BeaconPortal/AndroidManifest.xml
		INJECTED from Android_Work/BeaconPortal/AndroidManifest.xml
	android:minSdkVersion
		ADDED from Android_Work/BeaconPortal/AndroidManifest.xml:61:9-35
		INJECTED from Android_Work/BeaconPortal/AndroidManifest.xml
		INJECTED from Android_Work/BeaconPortal/AndroidManifest.xml
application
ADDED from Android_Work/BeaconPortal/AndroidManifest.xml:64:5-525:19
MERGED from [BeaconPortal.plugins.Android-PullToRefresh:library:unspecified] AndroidManifest.xml:9:5-20
MERGED from [BeaconPortal.plugins.ckChangeLog:library:unspecified] AndroidManifest.xml:11:5-20
MERGED from [BeaconPortal.plugins:openpgp-api-library:unspecified] AndroidManifest.xml:11:5-20
MERGED from [com.android.support:support-v4:23.1.1] AndroidManifest.xml:22:5-20
MERGED from [com.android.support:support-v4:23.1.1] AndroidManifest.xml:22:5-20
MERGED from [com.android.support:appcompat-v7:22.2.1] AndroidManifest.xml:22:5-20
MERGED from [com.android.support:support-v4:23.1.1] AndroidManifest.xml:22:5-20
MERGED from [com.android.support:cardview-v7:23.1.1] AndroidManifest.xml:22:5-20
MERGED from [com.commonsware.cwac:merge:1.1.1] AndroidManifest.xml:9:5-20
MERGED from [com.commonsware.cwac:sacklist:1.0.2] AndroidManifest.xml:9:5-20
MERGED from [com.commonsware.cwac:sacklist:1.0.2] AndroidManifest.xml:9:5-20
MERGED from [BeaconPortal.libraries:slidingtab:unspecified] AndroidManifest.xml:9:5-20
MERGED from [com.android.support:support-v4:23.1.1] AndroidManifest.xml:22:5-20
MERGED from [BeaconPortal.libraries:floatingActionButtonCompatmaster:unspecified] AndroidManifest.xml:11:5-12:19
MERGED from [com.android.support:support-v4:23.1.1] AndroidManifest.xml:22:5-20
MERGED from [BeaconPortal.libraries:extendedListView:unspecified] AndroidManifest.xml:9:5-10:19
MERGED from [com.android.support:support-v4:23.1.1] AndroidManifest.xml:22:5-20
	android:label
		ADDED from Android_Work/BeaconPortal/AndroidManifest.xml:67:6-38
	android:allowTaskReparenting
		ADDED from Android_Work/BeaconPortal/AndroidManifest.xml:69:9-45
	android:icon
		ADDED from Android_Work/BeaconPortal/AndroidManifest.xml:65:9-45
	android:allowBackup
		ADDED from [BeaconPortal.libraries:floatingActionButtonCompatmaster:unspecified] AndroidManifest.xml:11:18-44
	android:theme
		ADDED from Android_Work/BeaconPortal/AndroidManifest.xml:68:9-54
	android:name
		ADDED from Android_Work/BeaconPortal/AndroidManifest.xml:66:9-29
meta-data#android.app.default_searchable
ADDED from Android_Work/BeaconPortal/AndroidManifest.xml:73:9-74:55
	android:value
		ADDED from Android_Work/BeaconPortal/AndroidManifest.xml:74:20-52
	android:name
		ADDED from Android_Work/BeaconPortal/AndroidManifest.xml:73:20-65
activity#com.bernard.beaconportal.activities.MainActivity
ADDED from Android_Work/BeaconPortal/AndroidManifest.xml:77:9-91:20
	android:hardwareAccelerated
		ADDED from Android_Work/BeaconPortal/AndroidManifest.xml:82:19-53
	android:launchMode
		ADDED from Android_Work/BeaconPortal/AndroidManifest.xml:79:13-43
	android:windowSoftInputMode
		ADDED from Android_Work/BeaconPortal/AndroidManifest.xml:80:13-60
	android:configChanges
		ADDED from Android_Work/BeaconPortal/AndroidManifest.xml:81:13-48
	android:theme
		ADDED from Android_Work/BeaconPortal/AndroidManifest.xml:78:13-56
	android:name
		ADDED from Android_Work/BeaconPortal/AndroidManifest.xml:77:19-47
intent-filter#android.intent.action.MAIN+android.intent.category.LAUNCHER
ADDED from Android_Work/BeaconPortal/AndroidManifest.xml:85:13-89:29
action#android.intent.action.MAIN
ADDED from Android_Work/BeaconPortal/AndroidManifest.xml:86:17-69
	android:name
		ADDED from Android_Work/BeaconPortal/AndroidManifest.xml:86:25-66
category#android.intent.category.LAUNCHER
ADDED from Android_Work/BeaconPortal/AndroidManifest.xml:88:17-77
	android:name
		ADDED from Android_Work/BeaconPortal/AndroidManifest.xml:88:27-74
activity#com.bernard.beaconportal.activities.schedule.linked.FragmentsLinked
ADDED from Android_Work/BeaconPortal/AndroidManifest.xml:94:9-100:23
	android:windowSoftInputMode
		ADDED from Android_Work/BeaconPortal/AndroidManifest.xml:97:9-51
	android:theme
		ADDED from Android_Work/BeaconPortal/AndroidManifest.xml:96:9-52
	android:name
		ADDED from Android_Work/BeaconPortal/AndroidManifest.xml:95:9-56
activity#com.bernard.beaconportal.activities.schedule.edit.FragmentsEdit
ADDED from Android_Work/BeaconPortal/AndroidManifest.xml:103:11-109:20
	android:windowSoftInputMode
		ADDED from Android_Work/BeaconPortal/AndroidManifest.xml:107:9-51
	android:theme
		ADDED from Android_Work/BeaconPortal/AndroidManifest.xml:106:9-52
	android:name
		ADDED from Android_Work/BeaconPortal/AndroidManifest.xml:105:9-52
activity#com.bernard.beaconportal.activities.homeworkdue.HomeworkDueDetailsActivity
ADDED from Android_Work/BeaconPortal/AndroidManifest.xml:111:9-123:20
	android:parentActivityName
		ADDED from Android_Work/BeaconPortal/AndroidManifest.xml:113:10-99
	android:theme
		ADDED from Android_Work/BeaconPortal/AndroidManifest.xml:114:9-52
	android:name
		ADDED from Android_Work/BeaconPortal/AndroidManifest.xml:112:10-64
meta-data#android.support.PARENT_ACTIVITY
ADDED from Android_Work/BeaconPortal/AndroidManifest.xml:119:9-121:80
	android:value
		ADDED from Android_Work/BeaconPortal/AndroidManifest.xml:121:13-77
	android:name
		ADDED from Android_Work/BeaconPortal/AndroidManifest.xml:120:13-59
activity#com.bernard.beaconportal.activities.activity.Accounts
ADDED from Android_Work/BeaconPortal/AndroidManifest.xml:127:9-147:20
	android:label
		ADDED from Android_Work/BeaconPortal/AndroidManifest.xml:132:13-45
	android:launchMode
		ADDED from Android_Work/BeaconPortal/AndroidManifest.xml:130:13-43
	android:configChanges
		ADDED from Android_Work/BeaconPortal/AndroidManifest.xml:129:13-43
	android:uiOptions
		ADDED from Android_Work/BeaconPortal/AndroidManifest.xml:131:13-57
	android:theme
		ADDED from Android_Work/BeaconPortal/AndroidManifest.xml:133:13-79
	android:name
		ADDED from Android_Work/BeaconPortal/AndroidManifest.xml:128:13-46
intent-filter#android.intent.category.DEFAULT+android.intent.category.LAUNCHER
ADDED from Android_Work/BeaconPortal/AndroidManifest.xml:136:13-140:29
category#android.intent.category.DEFAULT
ADDED from Android_Work/BeaconPortal/AndroidManifest.xml:138:17-76
	android:name
		ADDED from Android_Work/BeaconPortal/AndroidManifest.xml:138:27-73
intent-filter#android.intent.action.VIEW+android.intent.category.BROWSABLE+android.intent.category.DEFAULT
ADDED from Android_Work/BeaconPortal/AndroidManifest.xml:141:13-146:29
action#android.intent.action.VIEW
ADDED from Android_Work/BeaconPortal/AndroidManifest.xml:142:17-69
	android:name
		ADDED from Android_Work/BeaconPortal/AndroidManifest.xml:142:25-66
data
ADDED from Android_Work/BeaconPortal/AndroidManifest.xml:143:17-71
	android:mimeType
		ADDED from Android_Work/BeaconPortal/AndroidManifest.xml:143:23-68
category#android.intent.category.BROWSABLE
ADDED from Android_Work/BeaconPortal/AndroidManifest.xml:145:17-78
	android:name
		ADDED from Android_Work/BeaconPortal/AndroidManifest.xml:145:27-75
activity#com.bernard.beaconportal.activities.activity.setup.Prefs
ADDED from Android_Work/BeaconPortal/AndroidManifest.xml:149:9-156:20
	android:label
		ADDED from Android_Work/BeaconPortal/AndroidManifest.xml:151:13-48
	android:excludeFromRecents
		ADDED from Android_Work/BeaconPortal/AndroidManifest.xml:154:13-46
	android:configChanges
		ADDED from Android_Work/BeaconPortal/AndroidManifest.xml:152:13-43
	android:taskAffinity
		ADDED from Android_Work/BeaconPortal/AndroidManifest.xml:153:13-92
	android:name
		ADDED from Android_Work/BeaconPortal/AndroidManifest.xml:150:13-49
activity#com.bernard.beaconportal.activities.activity.setup.WelcomeMessage
ADDED from Android_Work/BeaconPortal/AndroidManifest.xml:157:9-162:20
	android:label
		ADDED from Android_Work/BeaconPortal/AndroidManifest.xml:159:13-58
	android:configChanges
		ADDED from Android_Work/BeaconPortal/AndroidManifest.xml:160:13-43
	android:name
		ADDED from Android_Work/BeaconPortal/AndroidManifest.xml:158:13-58
activity#com.bernard.beaconportal.activities.activity.setup.FontSizeSettings
ADDED from Android_Work/BeaconPortal/AndroidManifest.xml:163:9-168:20
	android:label
		ADDED from Android_Work/BeaconPortal/AndroidManifest.xml:165:13-61
	android:configChanges
		ADDED from Android_Work/BeaconPortal/AndroidManifest.xml:166:13-43
	android:name
		ADDED from Android_Work/BeaconPortal/AndroidManifest.xml:164:13-60
activity#com.bernard.beaconportal.activities.activity.setup.AccountSetupBasics
ADDED from Android_Work/BeaconPortal/AndroidManifest.xml:169:9-177:20
	android:screenOrientation
		ADDED from Android_Work/BeaconPortal/AndroidManifest.xml:173:13-49
	android:label
		ADDED from Android_Work/BeaconPortal/AndroidManifest.xml:171:13-63
	android:windowSoftInputMode
		ADDED from Android_Work/BeaconPortal/AndroidManifest.xml:174:13-68
	android:configChanges
		ADDED from Android_Work/BeaconPortal/AndroidManifest.xml:172:13-43
	android:theme
		ADDED from Android_Work/BeaconPortal/AndroidManifest.xml:175:13-67
	android:name
		ADDED from Android_Work/BeaconPortal/AndroidManifest.xml:170:13-62
activity#com.bernard.beaconportal.activities.activity.setup.LoadingLayout
ADDED from Android_Work/BeaconPortal/AndroidManifest.xml:178:9-183:20
	android:label
		ADDED from Android_Work/BeaconPortal/AndroidManifest.xml:180:13-52
	android:theme
		ADDED from Android_Work/BeaconPortal/AndroidManifest.xml:181:13-55
	android:name
		ADDED from Android_Work/BeaconPortal/AndroidManifest.xml:179:13-57
activity#com.bernard.beaconportal.activities.activity.setup.AccountSetupAccountType
ADDED from Android_Work/BeaconPortal/AndroidManifest.xml:184:9-190:20
	android:label
		ADDED from Android_Work/BeaconPortal/AndroidManifest.xml:186:13-69
	android:configChanges
		ADDED from Android_Work/BeaconPortal/AndroidManifest.xml:187:13-43
	android:theme
		ADDED from Android_Work/BeaconPortal/AndroidManifest.xml:188:13-67
	android:name
		ADDED from Android_Work/BeaconPortal/AndroidManifest.xml:185:13-67
activity#com.bernard.beaconportal.activities.activity.setup.AccountSetupIncoming
ADDED from Android_Work/BeaconPortal/AndroidManifest.xml:191:9-197:20
	android:label
		ADDED from Android_Work/BeaconPortal/AndroidManifest.xml:193:13-65
	android:configChanges
		ADDED from Android_Work/BeaconPortal/AndroidManifest.xml:194:13-43
	android:theme
		ADDED from Android_Work/BeaconPortal/AndroidManifest.xml:195:13-67
	android:name
		ADDED from Android_Work/BeaconPortal/AndroidManifest.xml:192:13-64
activity#com.bernard.beaconportal.activities.activity.setup.AccountSetupComposition
ADDED from Android_Work/BeaconPortal/AndroidManifest.xml:198:9-204:20
	android:label
		ADDED from Android_Work/BeaconPortal/AndroidManifest.xml:200:13-71
	android:configChanges
		ADDED from Android_Work/BeaconPortal/AndroidManifest.xml:201:13-43
	android:theme
		ADDED from Android_Work/BeaconPortal/AndroidManifest.xml:202:13-67
	android:name
		ADDED from Android_Work/BeaconPortal/AndroidManifest.xml:199:13-67
activity#com.bernard.beaconportal.activities.activity.setup.AccountSetupOutgoing
ADDED from Android_Work/BeaconPortal/AndroidManifest.xml:205:9-211:20
	android:label
		ADDED from Android_Work/BeaconPortal/AndroidManifest.xml:207:13-65
	android:configChanges
		ADDED from Android_Work/BeaconPortal/AndroidManifest.xml:208:13-43
	android:theme
		ADDED from Android_Work/BeaconPortal/AndroidManifest.xml:209:13-67
	android:name
		ADDED from Android_Work/BeaconPortal/AndroidManifest.xml:206:13-64
activity#com.bernard.beaconportal.activities.activity.setup.AccountSetupOptions
ADDED from Android_Work/BeaconPortal/AndroidManifest.xml:212:9-218:20
	android:label
		ADDED from Android_Work/BeaconPortal/AndroidManifest.xml:214:13-64
	android:configChanges
		ADDED from Android_Work/BeaconPortal/AndroidManifest.xml:215:13-43
	android:theme
		ADDED from Android_Work/BeaconPortal/AndroidManifest.xml:216:13-67
	android:name
		ADDED from Android_Work/BeaconPortal/AndroidManifest.xml:213:13-63
activity#com.bernard.beaconportal.activities.activity.setup.AccountSetupNames
ADDED from Android_Work/BeaconPortal/AndroidManifest.xml:219:9-225:20
	android:label
		ADDED from Android_Work/BeaconPortal/AndroidManifest.xml:221:13-62
	android:configChanges
		ADDED from Android_Work/BeaconPortal/AndroidManifest.xml:222:13-43
	android:theme
		ADDED from Android_Work/BeaconPortal/AndroidManifest.xml:223:13-67
	android:name
		ADDED from Android_Work/BeaconPortal/AndroidManifest.xml:220:13-61
activity#com.bernard.beaconportal.activities.activity.ChooseFolder
ADDED from Android_Work/BeaconPortal/AndroidManifest.xml:226:9-233:20
	android:label
		ADDED from Android_Work/BeaconPortal/AndroidManifest.xml:229:13-56
	android:noHistory
		ADDED from Android_Work/BeaconPortal/AndroidManifest.xml:231:13-37
	android:configChanges
		ADDED from Android_Work/BeaconPortal/AndroidManifest.xml:230:13-43
	android:theme
		ADDED from Android_Work/BeaconPortal/AndroidManifest.xml:228:13-52
	android:name
		ADDED from Android_Work/BeaconPortal/AndroidManifest.xml:227:13-50
activity#com.bernard.beaconportal.activities.activity.ChooseIdentity
ADDED from Android_Work/BeaconPortal/AndroidManifest.xml:234:9-240:20
	android:label
		ADDED from Android_Work/BeaconPortal/AndroidManifest.xml:237:13-58
	android:configChanges
		ADDED from Android_Work/BeaconPortal/AndroidManifest.xml:238:13-43
	android:theme
		ADDED from Android_Work/BeaconPortal/AndroidManifest.xml:236:13-52
	android:name
		ADDED from Android_Work/BeaconPortal/AndroidManifest.xml:235:13-52
activity#com.bernard.beaconportal.activities.activity.ManageIdentities
ADDED from Android_Work/BeaconPortal/AndroidManifest.xml:241:9-246:20
	android:label
		ADDED from Android_Work/BeaconPortal/AndroidManifest.xml:243:13-60
	android:configChanges
		ADDED from Android_Work/BeaconPortal/AndroidManifest.xml:244:13-43
	android:name
		ADDED from Android_Work/BeaconPortal/AndroidManifest.xml:242:13-54
activity#com.bernard.beaconportal.activities.activity.EditIdentity
ADDED from Android_Work/BeaconPortal/AndroidManifest.xml:247:9-252:20
	android:label
		ADDED from Android_Work/BeaconPortal/AndroidManifest.xml:249:13-56
	android:configChanges
		ADDED from Android_Work/BeaconPortal/AndroidManifest.xml:250:13-43
	android:name
		ADDED from Android_Work/BeaconPortal/AndroidManifest.xml:248:13-50
activity#com.bernard.beaconportal.activities.activity.NotificationDeleteConfirmation
ADDED from Android_Work/BeaconPortal/AndroidManifest.xml:253:9-260:20
	android:excludeFromRecents
		ADDED from Android_Work/BeaconPortal/AndroidManifest.xml:258:13-46
	android:launchMode
		ADDED from Android_Work/BeaconPortal/AndroidManifest.xml:256:13-43
	android:theme
		ADDED from Android_Work/BeaconPortal/AndroidManifest.xml:255:13-72
	android:taskAffinity
		ADDED from Android_Work/BeaconPortal/AndroidManifest.xml:257:13-36
	android:name
		ADDED from Android_Work/BeaconPortal/AndroidManifest.xml:254:13-68
activity#com.bernard.beaconportal.activities.activity.setup.AccountSetupCheckSettings
ADDED from Android_Work/BeaconPortal/AndroidManifest.xml:263:9-268:20
	android:label
		ADDED from Android_Work/BeaconPortal/AndroidManifest.xml:265:13-71
	android:configChanges
		ADDED from Android_Work/BeaconPortal/AndroidManifest.xml:266:13-70
	android:name
		ADDED from Android_Work/BeaconPortal/AndroidManifest.xml:264:13-69
activity#com.bernard.beaconportal.activities.activity.setup.AccountSettings
ADDED from Android_Work/BeaconPortal/AndroidManifest.xml:269:9-274:20
	android:label
		ADDED from Android_Work/BeaconPortal/AndroidManifest.xml:271:13-63
	android:configChanges
		ADDED from Android_Work/BeaconPortal/AndroidManifest.xml:272:13-43
	android:name
		ADDED from Android_Work/BeaconPortal/AndroidManifest.xml:270:13-59
activity#com.bernard.beaconportal.activities.activity.setup.FolderSettings
ADDED from Android_Work/BeaconPortal/AndroidManifest.xml:276:9-282:20
	android:label
		ADDED from Android_Work/BeaconPortal/AndroidManifest.xml:279:13-58
	android:configChanges
		ADDED from Android_Work/BeaconPortal/AndroidManifest.xml:280:13-43
	android:theme
		ADDED from Android_Work/BeaconPortal/AndroidManifest.xml:278:13-56
	android:name
		ADDED from Android_Work/BeaconPortal/AndroidManifest.xml:277:13-58
activity#com.bernard.beaconportal.activities.activity.FolderList
ADDED from Android_Work/BeaconPortal/AndroidManifest.xml:283:9-289:20
	android:configChanges
		ADDED from Android_Work/BeaconPortal/AndroidManifest.xml:285:13-43
	android:uiOptions
		ADDED from Android_Work/BeaconPortal/AndroidManifest.xml:286:13-57
	android:name
		ADDED from Android_Work/BeaconPortal/AndroidManifest.xml:284:13-48
activity#com.bernard.beaconportal.activities.activity.MessageList
ADDED from Android_Work/BeaconPortal/AndroidManifest.xml:290:9-308:20
	android:hardwareAccelerated
		ADDED from Android_Work/BeaconPortal/AndroidManifest.xml:296:13-47
	android:launchMode
		ADDED from Android_Work/BeaconPortal/AndroidManifest.xml:294:13-43
	android:configChanges
		ADDED from Android_Work/BeaconPortal/AndroidManifest.xml:293:13-43
	android:uiOptions
		ADDED from Android_Work/BeaconPortal/AndroidManifest.xml:295:13-57
	android:theme
		ADDED from Android_Work/BeaconPortal/AndroidManifest.xml:297:13-79
	android:name
		ADDED from Android_Work/BeaconPortal/AndroidManifest.xml:291:13-49
intent-filter#android.intent.action.VIEW+android.intent.category.DEFAULT
ADDED from Android_Work/BeaconPortal/AndroidManifest.xml:300:13-307:29
activity#com.bernard.beaconportal.activities.activity.MessageCompose
ADDED from Android_Work/BeaconPortal/AndroidManifest.xml:309:9-337:20
	android:enabled
		ADDED from Android_Work/BeaconPortal/AndroidManifest.xml:312:13-36
	android:label
		ADDED from Android_Work/BeaconPortal/AndroidManifest.xml:311:13-45
	android:configChanges
		ADDED from Android_Work/BeaconPortal/AndroidManifest.xml:313:13-43
	android:theme
		ADDED from Android_Work/BeaconPortal/AndroidManifest.xml:314:13-67
	android:name
		ADDED from Android_Work/BeaconPortal/AndroidManifest.xml:310:13-52
intent-filter#android.intent.action.SENDTO+android.intent.category.DEFAULT
ADDED from Android_Work/BeaconPortal/AndroidManifest.xml:316:13-320:29
action#android.intent.action.SENDTO
ADDED from Android_Work/BeaconPortal/AndroidManifest.xml:317:17-71
	android:name
		ADDED from Android_Work/BeaconPortal/AndroidManifest.xml:317:25-68
intent-filter#android.intent.action.SEND+android.intent.category.DEFAULT
ADDED from Android_Work/BeaconPortal/AndroidManifest.xml:321:13-325:29
action#android.intent.action.SEND
ADDED from Android_Work/BeaconPortal/AndroidManifest.xml:322:17-69
	android:name
		ADDED from Android_Work/BeaconPortal/AndroidManifest.xml:322:25-66
intent-filter#android.intent.action.SEND_MULTIPLE+android.intent.category.DEFAULT
ADDED from Android_Work/BeaconPortal/AndroidManifest.xml:326:13-330:29
action#android.intent.action.SEND_MULTIPLE
ADDED from Android_Work/BeaconPortal/AndroidManifest.xml:327:17-78
	android:name
		ADDED from Android_Work/BeaconPortal/AndroidManifest.xml:327:25-75
activity#com.bernard.beaconportal.activities.activity.Search
ADDED from Android_Work/BeaconPortal/AndroidManifest.xml:339:9-350:20
	android:label
		ADDED from Android_Work/BeaconPortal/AndroidManifest.xml:340:19-56
	android:configChanges
		ADDED from Android_Work/BeaconPortal/AndroidManifest.xml:341:19-49
	android:uiOptions
		ADDED from Android_Work/BeaconPortal/AndroidManifest.xml:342:19-63
	android:name
		ADDED from Android_Work/BeaconPortal/AndroidManifest.xml:339:19-50
intent-filter#android.intent.action.SEARCH+android.intent.category.DEFAULT
ADDED from Android_Work/BeaconPortal/AndroidManifest.xml:344:13-347:29
action#android.intent.action.SEARCH
ADDED from Android_Work/BeaconPortal/AndroidManifest.xml:345:17-71
	android:name
		ADDED from Android_Work/BeaconPortal/AndroidManifest.xml:345:25-68
meta-data#android.app.searchable
ADDED from Android_Work/BeaconPortal/AndroidManifest.xml:348:13-349:61
	android:resource
		ADDED from Android_Work/BeaconPortal/AndroidManifest.xml:349:24-58
	android:name
		ADDED from Android_Work/BeaconPortal/AndroidManifest.xml:348:24-61
activity#com.bernard.beaconportal.activities.activity.LauncherShortcuts
ADDED from Android_Work/BeaconPortal/AndroidManifest.xml:351:9-360:20
	android:label
		ADDED from Android_Work/BeaconPortal/AndroidManifest.xml:353:13-52
	android:configChanges
		ADDED from Android_Work/BeaconPortal/AndroidManifest.xml:354:13-43
	android:name
		ADDED from Android_Work/BeaconPortal/AndroidManifest.xml:352:13-55
intent-filter#android.intent.action.CREATE_SHORTCUT+android.intent.category.DEFAULT
ADDED from Android_Work/BeaconPortal/AndroidManifest.xml:356:13-359:29
action#android.intent.action.CREATE_SHORTCUT
ADDED from Android_Work/BeaconPortal/AndroidManifest.xml:357:17-80
	android:name
		ADDED from Android_Work/BeaconPortal/AndroidManifest.xml:357:25-77
activity#com.bernard.beaconportal.activities.activity.AccessibleEmailContentActivity
ADDED from Android_Work/BeaconPortal/AndroidManifest.xml:361:9-364:20
	android:name